{
  "RSpec": {
    "coverage": {
      "/Users/joshuabrown/dormdish/app/controllers/recipes_controller.rb": {
        "lines": [
          1,
          1,
          3,
          3,
          null,
          3,
          3,
          15,
          9,
          null,
          null,
          null,
          3,
          3,
          3,
          null,
          null,
          1,
          0,
          null,
          null
        ]
      },
      "/Users/joshuabrown/dormdish/app/controllers/application_controller.rb": {
        "lines": [
          1,
          1,
          null,
          1,
          null,
          1,
          7,
          null,
          null
        ]
      },
      "/Users/joshuabrown/dormdish/app/models/recipe.rb": {
        "lines": [
          1,
          1,
          1,
          null,
          1,
          1,
          null
        ]
      },
      "/Users/joshuabrown/dormdish/app/models/application_record.rb": {
        "lines": [
          1,
          1,
          null
        ]
      },
      "/Users/joshuabrown/dormdish/app/models/user_profile.rb": {
        "lines": [
          1,
          1,
          1,
          null,
          1,
          1,
          1,
          null
        ]
      },
      "/Users/joshuabrown/dormdish/app/models/meal_plan.rb": {
        "lines": [
          1,
          1,
          1,
          null
        ]
      },
      "/Users/joshuabrown/dormdish/app/controllers/meal_plans_controller.rb": {
        "lines": [
          1,
          1,
          1,
          1,
          null,
          null,
          1,
          1,
          null,
          null
        ]
      },
      "/Users/joshuabrown/dormdish/app/controllers/pages_controller.rb": {
        "lines": [
          1,
          1,
          null,
          null
        ]
      },
      "/Users/joshuabrown/dormdish/app/controllers/shopping_lists_controller.rb": {
        "lines": [
          1,
          1,
          1,
          1,
          null,
          null,
          1,
          1,
          null,
          null
        ]
      },
      "/Users/joshuabrown/dormdish/app/models/shopping_list.rb": {
        "lines": [
          1,
          1,
          1,
          null,
          1,
          0,
          null,
          null
        ]
      },
      "/Users/joshuabrown/dormdish/app/controllers/user_profiles_controller.rb": {
        "lines": [
          1,
          1,
          1,
          null,
          null,
          1,
          3,
          3,
          2,
          2,
          null,
          1,
          null,
          null,
          null,
          1,
          1,
          null,
          null,
          1,
          0,
          null,
          null,
          1,
          1,
          1,
          1,
          null,
          0,
          null,
          null,
          null,
          1,
          null,
          1,
          4,
          null,
          null
        ]
      }
    },
    "timestamp": 1761778996
  }
}
