{
  "RSpec": {
    "coverage": {
      "/Users/tobechionwuka/Documents/saas/dormdish/app/controllers/recipes_controller.rb": {
        "lines": [
          null,
          1,
          1,
          9,
          9,
          null,
          9,
          4,
          4,
          null,
          4,
          9,
          4,
          null,
          5,
          null,
          null,
          9,
          4,
          null,
          5,
          null,
          null,
          9,
          null,
          null,
          null,
          18,
          null,
          15,
          null,
          9,
          3,
          3,
          3,
          null,
          null,
          null,
          null,
          1,
          2,
          null,
          null,
          1,
          2,
          null,
          null,
          1,
          4,
          null,
          4,
          2,
          null,
          null,
          null,
          null,
          null,
          null,
          null,
          4,
          2,
          null,
          2,
          2,
          null,
          0,
          null,
          null,
          2,
          null,
          null,
          4,
          2,
          null,
          2,
          2,
          null,
          0,
          null,
          null,
          2,
          null,
          null,
          4,
          2,
          null,
          2,
          2,
          null,
          null,
          null,
          null,
          1,
          null,
          1,
          4,
          null,
          null,
          null,
          null,
          null,
          null,
          null,
          null,
          null,
          null,
          null
        ]
      },
      "/Users/tobechionwuka/Documents/saas/dormdish/app/controllers/application_controller.rb": {
        "lines": [
          1,
          1,
          null,
          1,
          null,
          1,
          7,
          null,
          null
        ]
      },
      "/Users/tobechionwuka/Documents/saas/dormdish/app/controllers/shopping_lists_controller.rb": {
        "lines": [
          1,
          1,
          null,
          1,
          null,
          2,
          null,
          null,
          2,
          1,
          null,
          null,
          2,
          2,
          null,
          2,
          1,
          1,
          null,
          1,
          null,
          null,
          null,
          1,
          2,
          2,
          null,
          null,
          1,
          1,
          1,
          null,
          1,
          1,
          2,
          1,
          null,
          null,
          1,
          null,
          null,
          null,
          null,
          1,
          2,
          1,
          null,
          1,
          null,
          null,
          null,
          1,
          null,
          null,
          null,
          1,
          null,
          1,
          1,
          null,
          null,
          1,
          3,
          1,
          null,
          null,
          null,
          null
        ]
      },
      "/Users/tobechionwuka/Documents/saas/dormdish/app/models/recipe.rb": {
        "lines": [
          null,
          1,
          1,
          1,
          null,
          1,
          1,
          null,
          1,
          7,
          6,
          null,
          null
        ]
      },
      "/Users/tobechionwuka/Documents/saas/dormdish/app/models/application_record.rb": {
        "lines": [
          1,
          1,
          null
        ]
      },
      "/Users/tobechionwuka/Documents/saas/dormdish/app/models/shopping_list.rb": {
        "lines": [
          null,
          1,
          1,
          1,
          null,
          null,
          null,
          1,
          13,
          null,
          null,
          13,
          null,
          13,
          12,
          null,
          3,
          9,
          9,
          null,
          null,
          null,
          null,
          13,
          13,
          null,
          null,
          null,
          1,
          3,
          3,
          6,
          null,
          null,
          1,
          3,
          1,
          null,
          null,
          1,
          1,
          null,
          1,
          null,
          3,
          null,
          null,
          null
        ]
      },
      "/Users/tobechionwuka/Documents/saas/dormdish/app/models/user_profile.rb": {
        "lines": [
          1,
          1,
          1,
          1,
          null,
          1,
          1,
          1,
          null,
          1,
          43,
          7,
          null,
          null,
          null,
          1,
          43,
          7,
          null,
          null,
          null
        ]
      },
      "/Users/tobechionwuka/Documents/saas/dormdish/app/models/meal_plan.rb": {
        "lines": [
          1,
          1,
          1,
          null,
          1,
          null,
          1,
          null,
          1,
          13,
          null,
          null,
          1,
          13,
          null,
          13,
          13,
          null,
          null
        ]
      },
      "/Users/tobechionwuka/Documents/saas/dormdish/app/controllers/meal_plans_controller.rb": {
        "lines": [
          null,
          1,
          1,
          null,
          null,
          1,
          1,
          null,
          1,
          2,
          null,
          null,
          2,
          2,
          2,
          null,
          2,
          null,
          null,
          4,
          null,
          4,
          null,
          2,
          2,
          null,
          null,
          1,
          2,
          null,
          null,
          null,
          null,
          null,
          2,
          1,
          null,
          1,
          null,
          null,
          null,
          1,
          1,
          1,
          1,
          null,
          null,
          1,
          null,
          1,
          5,
          null,
          null
        ]
      },
      "/Users/tobechionwuka/Documents/saas/dormdish/app/controllers/pages_controller.rb": {
        "lines": [
          1,
          1,
          null,
          null
        ]
      },
      "/Users/tobechionwuka/Documents/saas/dormdish/app/controllers/products_controller.rb": {
        "lines": [
          1,
          null,
          1,
          1,
          1,
          1,
          1,
          1,
          null,
          1,
          null,
          1,
          0,
          null,
          0,
          0,
          0,
          0,
          null,
          null,
          0,
          null,
          null,
          0,
          0,
          null,
          null,
          null,
          0,
          0,
          null,
          0,
          0,
          null,
          null,
          0,
          null,
          null,
          null,
          null,
          null,
          null,
          null,
          0,
          0,
          null,
          0,
          null,
          null,
          null,
          null
        ]
      },
      "/Users/tobechionwuka/Documents/saas/dormdish/app/controllers/user_profiles_controller.rb": {
        "lines": [
          1,
          1,
          null,
          1,
          1,
          null,
          null,
          1,
          4,
          4,
          3,
          3,
          null,
          1,
          null,
          null,
          null,
          1,
          null,
          null,
          null,
          1,
          null,
          null,
          null,
          1,
          2,
          1,
          null,
          1,
          null,
          null,
          null,
          null,
          1,
          3,
          null,
          null,
          3,
          1,
          null,
          null,
          null,
          3,
          null,
          3,
          null,
          null,
          1,
          null,
          null,
          1,
          8,
          null,
          1,
          null,
          null,
          1,
          6,
          null,
          null
        ]
      }
    },
    "timestamp": 1765304688
  },
  "Cucumber Features": {
    "coverage": {
      "/Users/tobechionwuka/Documents/saas/dormdish/app/controllers/pages_controller.rb": {
        "lines": [
          1,
          1,
          null,
          null
        ]
      },
      "/Users/tobechionwuka/Documents/saas/dormdish/app/controllers/application_controller.rb": {
        "lines": [
          1,
          1,
          null,
          1,
          null,
          1,
          272,
          null,
          null
        ]
      },
      "/Users/tobechionwuka/Documents/saas/dormdish/app/models/user_profile.rb": {
        "lines": [
          1,
          1,
          1,
          1,
          null,
          1,
          1,
          1,
          null,
          1,
          34,
          2,
          null,
          null,
          null,
          1,
          34,
          2,
          null,
          null,
          null
        ]
      },
      "/Users/tobechionwuka/Documents/saas/dormdish/app/models/application_record.rb": {
        "lines": [
          1,
          1,
          null
        ]
      },
      "/Users/tobechionwuka/Documents/saas/dormdish/app/controllers/user_profiles_controller.rb": {
        "lines": [
          1,
          1,
          null,
          1,
          29,
          null,
          null,
          1,
          30,
          30,
          26,
          26,
          null,
          4,
          null,
          null,
          null,
          1,
          null,
          null,
          null,
          1,
          null,
          null,
          null,
          1,
          2,
          2,
          null,
          0,
          null,
          null,
          null,
          null,
          1,
          2,
          null,
          null,
          2,
          0,
          null,
          null,
          null,
          2,
          null,
          2,
          null,
          null,
          1,
          null,
          null,
          1,
          11,
          null,
          1,
          null,
          null,
          1,
          32,
          null,
          null
        ]
      },
      "/Users/tobechionwuka/Documents/saas/dormdish/app/controllers/recipes_controller.rb": {
        "lines": [
          null,
          1,
          1,
          42,
          42,
          null,
          42,
          34,
          34,
          null,
          34,
          8,
          0,
          null,
          8,
          null,
          null,
          8,
          0,
          null,
          8,
          null,
          null,
          8,
          null,
          null,
          null,
          43,
          null,
          42,
          null,
          42,
          1,
          1,
          1,
          null,
          null,
          null,
          null,
          1,
          5,
          null,
          null,
          1,
          2,
          null,
          null,
          1,
          2,
          null,
          2,
          1,
          null,
          null,
          null,
          null,
          null,
          null,
          null,
          2,
          2,
          null,
          2,
          0,
          null,
          2,
          null,
          null,
          2,
          null,
          null,
          2,
          2,
          null,
          2,
          0,
          null,
          2,
          null,
          null,
          2,
          null,
          null,
          2,
          1,
          null,
          1,
          1,
          null,
          null,
          null,
          null,
          1,
          null,
          1,
          2,
          null,
          null,
          null,
          null,
          null,
          null,
          null,
          null,
          null,
          null,
          null
        ]
      },
      "/Users/tobechionwuka/Documents/saas/dormdish/app/models/recipe.rb": {
        "lines": [
          null,
          1,
          1,
          1,
          null,
          1,
          1,
          null,
          1,
          48,
          48,
          null,
          null
        ]
      },
      "/Users/tobechionwuka/Documents/saas/dormdish/app/controllers/meal_plans_controller.rb": {
        "lines": [
          null,
          1,
          1,
          null,
          null,
          1,
          1,
          null,
          1,
          16,
          null,
          null,
          16,
          19,
          19,
          null,
          19,
          null,
          null,
          35,
          null,
          35,
          null,
          16,
          16,
          null,
          null,
          1,
          4,
          null,
          null,
          null,
          null,
          null,
          4,
          4,
          null,
          0,
          null,
          null,
          null,
          1,
          2,
          2,
          2,
          null,
          null,
          1,
          null,
          1,
          22,
          null,
          null
        ]
      },
      "/Users/tobechionwuka/Documents/saas/dormdish/app/models/meal_plan.rb": {
        "lines": [
          1,
          1,
          1,
          null,
          1,
          null,
          1,
          null,
          1,
          19,
          null,
          null,
          1,
          19,
          null,
          19,
          19,
          null,
          null
        ]
      },
      "/Users/tobechionwuka/Documents/saas/dormdish/app/models/shopping_list.rb": {
        "lines": [
          null,
          1,
          1,
          1,
          null,
          null,
          null,
          1,
          19,
          null,
          null,
          19,
          null,
          19,
          24,
          null,
          24,
          68,
          68,
          null,
          null,
          null,
          null,
          19,
          19,
          null,
          null,
          null,
          1,
          1,
          1,
          7,
          null,
          null,
          1,
          0,
          0,
          null,
          null,
          1,
          0,
          null,
          0,
          null,
          0,
          null,
          null,
          null
        ]
      },
      "/Users/tobechionwuka/Documents/saas/dormdish/app/controllers/shopping_lists_controller.rb": {
        "lines": [
          1,
          1,
          null,
          1,
          null,
          8,
          null,
          null,
          8,
          0,
          null,
          null,
          8,
          8,
          null,
          8,
          1,
          1,
          null,
          7,
          null,
          null,
          null,
          1,
          0,
          0,
          null,
          null,
          1,
          1,
          1,
          null,
          1,
          1,
          6,
          1,
          null,
          null,
          1,
          null,
          null,
          null,
          null,
          1,
          0,
          0,
          null,
          0,
          null,
          null,
          null,
          1,
          null,
          null,
          null,
          1,
          null,
          1,
          0,
          null,
          null,
          1,
          9,
          1,
          null,
          null,
          null,
          null
        ]
      },
      "/Users/tobechionwuka/Documents/saas/dormdish/app/controllers/products_controller.rb": {
        "lines": [
          1,
          null,
          1,
          1,
          16,
          16,
          16,
          16,
          null,
          16,
          null,
          16,
          16,
          null,
          16,
          124288,
          124288,
          124288,
          null,
          null,
          124288,
          null,
          null,
          1106,
          240,
          null,
          null,
          null,
          1061,
          145,
          null,
          1059,
          145,
          null,
          null,
          920,
          null,
          null,
          null,
          null,
          null,
          null,
          null,
          16,
          81,
          null,
          855,
          null,
          null,
          null,
          null
        ]
      }
    },
    "timestamp": 1765304368
  }
}
